[2021-06-29 12:08:26] DEBUG [Modules\Migrate:152] [Migrate_3_0_0] has run successfully
[2021-06-29 12:08:26] DEBUG [Modules\Migrate:152] [Migrate_4_0_2] has run successfully
[2021-06-29 12:08:26] DEBUG [Modules\Migrate:152] [Migrate_4_4_0] has run successfully
[2021-06-29 12:08:26] DEBUG [Modules\Migrate:152] [Migrate_4_5_0] has run successfully
[2021-06-29 12:08:26] DEBUG [Modules\Migrate:152] [Migrate_5_0_0] has run successfully
[2021-06-29 12:08:26] DEBUG [Modules\Migrate:152] [Migrate_5_2_0] has run successfully
[2021-06-29 12:08:26] DEBUG [Modules\Migrate:152] [Migrate_5_3_0] has run successfully
[2021-06-29 12:08:26] DEBUG [Modules\Migrate:152] [Migrate_5_9_0] has run successfully
[2021-06-29 12:08:26] DEBUG [Modules\Migrate:152] [Migrate_5_10_3] has run successfully
[2021-06-29 12:08:26] DEBUG [Modules\Migrate:152] [Migrate_5_11_0] has run successfully
[2021-07-07 12:44:04] ERROR [Database:289] 
[2021-07-07 13:40:42] ERROR [Database:289] Table 'uza.wp_glsr_ratings' doesn't exist
[2021-07-07 19:39:56] ERROR [Database:289] Table 'uza.wp_glsr_ratings' doesn't exist
[2021-07-07 21:32:10] ERROR [Database:289] Table 'uza.wp_glsr_ratings' doesn't exist
[2021-07-12 06:32:31] ERROR [Database:289] Table 'uza.wp_glsr_ratings' doesn't exist
[2021-07-12 20:35:16] ERROR [Database:289] Table 'uza.wp_glsr_ratings' doesn't exist
[2021-07-13 13:38:01] ERROR [Database:289] Table 'uza.wp_glsr_ratings' doesn't exist
[2021-07-13 14:01:28] ERROR [Database:289] Table 'uza.wp_glsr_ratings' doesn't exist
[2021-07-13 14:01:33] ERROR [Database:289] Table 'uza.wp_glsr_ratings' doesn't exist
[2021-07-13 15:38:22] ERROR [Database:289] Table 'uza.wp_glsr_ratings' doesn't exist
[2021-07-14 11:00:58] ERROR [Database:289] Table 'uza.wp_glsr_ratings' doesn't exist
[2021-07-14 11:14:16] ERROR [Database:289] Table 'uza.wp_glsr_ratings' doesn't exist
[2021-07-14 12:30:27] ERROR [Database:289] Table 'uza.wp_glsr_ratings' doesn't exist
[2021-07-14 12:35:30] ERROR [Database:289] Table 'uza.wp_glsr_ratings' doesn't exist
[2021-07-14 12:35:30] ERROR [Database:289] Table 'uza.wp_glsr_ratings' doesn't exist
[2021-07-14 12:35:31] ERROR [Database:289] Table 'uza.wp_glsr_ratings' doesn't exist
[2021-07-14 12:35:31] ERROR [Database:289] Table 'uza.wp_glsr_ratings' doesn't exist
[2021-07-14 12:42:59] ERROR [Database:289] Table 'uza.wp_glsr_ratings' doesn't exist
[2021-07-14 12:45:24] ERROR [Database:289] Table 'uza.wp_glsr_ratings' doesn't exist
[2021-07-14 13:24:15] ERROR [Database:289] Table 'uza.wp_glsr_ratings' doesn't exist
[2021-07-14 13:26:24] ERROR [Database:289] Table 'uza.wp_glsr_ratings' doesn't exist
[2021-07-14 13:58:36] ERROR [Database:289] Table 'uza.wp_glsr_ratings' doesn't exist
[2021-07-14 19:31:34] ERROR [Database:289] Table 'uza.wp_glsr_ratings' doesn't exist
[2021-07-14 19:31:46] ERROR [Database:289] Table 'uza.wp_glsr_ratings' doesn't exist
[2021-07-14 19:31:46] ERROR [Controllers\ReviewController:214] To fix your reviews, please try running the "Migrate Plugin" and "Reset Assigned Meta Values" tools.
[2021-07-14 19:31:46] ERROR [Database:289] Table 'uza.wp_glsr_ratings' doesn't exist
[2021-07-14 19:31:46] ERROR [Database:289] Table 'uza.wp_glsr_assigned_posts' doesn't exist
[2021-07-14 19:32:18] ERROR [Database:289] Table 'uza.wp_glsr_ratings' doesn't exist
[2021-07-14 19:32:24] ERROR [Database:289] Table 'uza.wp_glsr_ratings' doesn't exist
[2021-07-14 19:32:24] ERROR [Controllers\ReviewController:214] To fix your reviews, please try running the "Migrate Plugin" and "Reset Assigned Meta Values" tools.
[2021-07-14 19:32:24] ERROR [Database:289] Table 'uza.wp_glsr_ratings' doesn't exist
[2021-07-14 19:32:24] ERROR [Database:289] Table 'uza.wp_glsr_assigned_posts' doesn't exist
[2021-07-14 19:32:56] ERROR [Database:289] Table 'uza.wp_glsr_ratings' doesn't exist
[2021-07-14 19:33:11] ERROR [Database:289] Table 'uza.wp_glsr_ratings' doesn't exist
[2021-07-14 19:33:11] ERROR [Controllers\ReviewController:214] To fix your reviews, please try running the "Migrate Plugin" and "Reset Assigned Meta Values" tools.
[2021-07-14 19:33:11] ERROR [Database:289] Table 'uza.wp_glsr_ratings' doesn't exist
[2021-07-14 19:33:11] ERROR [Database:289] Table 'uza.wp_glsr_assigned_posts' doesn't exist
[2021-07-14 19:33:55] ERROR [Database:289] Table 'uza.wp_glsr_ratings' doesn't exist
[2021-07-14 19:34:02] ERROR [Database:289] Table 'uza.wp_glsr_ratings' doesn't exist
[2021-07-14 19:36:23] ERROR [Database:289] Table 'uza.wp_glsr_ratings' doesn't exist
[2021-07-14 19:36:50] ERROR [Database:289] Table 'uza.wp_glsr_ratings' doesn't exist
[2021-07-14 19:36:58] ERROR [Database:289] Table 'uza.wp_glsr_ratings' doesn't exist
[2021-07-14 19:37:33] ERROR [Database:289] Table 'uza.wp_glsr_ratings' doesn't exist
[2021-07-15 15:36:48] ERROR [Database:289] Table 'uza.wp_glsr_ratings' doesn't exist
[2021-07-15 22:27:40] ERROR [Database:289] Table 'uza.wp_glsr_ratings' doesn't exist
[2021-07-15 22:27:45] ERROR [Database:289] Table 'uza.wp_glsr_ratings' doesn't exist
[2021-07-15 22:27:54] ERROR [Database:289] Table 'uza.wp_glsr_ratings' doesn't exist
[2021-07-15 22:27:54] ERROR [Controllers\ReviewController:214] To fix your reviews, please try running the "Migrate Plugin" and "Reset Assigned Meta Values" tools.
[2021-07-15 22:27:54] ERROR [Database:289] Table 'uza.wp_glsr_ratings' doesn't exist
[2021-07-15 22:27:54] ERROR [Database:289] Table 'uza.wp_glsr_assigned_posts' doesn't exist
[2021-07-16 03:59:53] ERROR [Database:289] Table 'uza.wp_glsr_ratings' doesn't exist
[2021-07-16 14:27:38] ERROR [Database:289] Table 'uza.wp_glsr_ratings' doesn't exist
[2021-07-16 14:28:40] ERROR [Database:289] Table 'uza.wp_glsr_ratings' doesn't exist
[2021-07-16 14:28:40] ERROR [Controllers\ReviewController:214] To fix your reviews, please try running the "Migrate Plugin" and "Reset Assigned Meta Values" tools.
[2021-07-16 14:28:40] ERROR [Database:289] Table 'uza.wp_glsr_ratings' doesn't exist
[2021-07-16 14:28:40] ERROR [Database:289] Table 'uza.wp_glsr_assigned_posts' doesn't exist
[2021-07-16 14:28:57] ERROR [Database:289] Table 'uza.wp_glsr_ratings' doesn't exist
[2021-07-16 14:30:45] ERROR [Database:289] Table 'uza.wp_glsr_ratings' doesn't exist
[2021-07-16 14:30:55] ERROR [Database:289] Table 'uza.wp_glsr_ratings' doesn't exist
[2021-07-16 14:30:55] ERROR [Controllers\ReviewController:214] To fix your reviews, please try running the "Migrate Plugin" and "Reset Assigned Meta Values" tools.
[2021-07-16 14:30:55] ERROR [Database:289] Table 'uza.wp_glsr_ratings' doesn't exist
[2021-07-16 14:30:55] ERROR [Database:289] Table 'uza.wp_glsr_assigned_posts' doesn't exist
[2021-07-16 14:34:16] ERROR [Database:289] Table 'uza.wp_glsr_ratings' doesn't exist
[2021-07-16 14:34:46] ERROR [Database:289] Table 'uza.wp_glsr_ratings' doesn't exist
[2021-07-16 14:38:29] ERROR [Database:289] Table 'uza.wp_glsr_ratings' doesn't exist
[2021-07-16 14:38:34] ERROR [Database:289] Table 'uza.wp_glsr_ratings' doesn't exist
[2021-07-16 14:38:34] ERROR [Controllers\ReviewController:214] To fix your reviews, please try running the "Migrate Plugin" and "Reset Assigned Meta Values" tools.
[2021-07-16 14:38:34] ERROR [Database:289] Table 'uza.wp_glsr_ratings' doesn't exist
[2021-07-16 14:38:34] ERROR [Database:289] Table 'uza.wp_glsr_assigned_posts' doesn't exist
[2021-07-16 14:47:43] ERROR [Database:289] Table 'uza.wp_glsr_ratings' doesn't exist
[2021-07-16 14:47:47] ERROR [Database:289] Table 'uza.wp_glsr_ratings' doesn't exist
[2021-07-16 14:47:47] ERROR [Controllers\ReviewController:214] To fix your reviews, please try running the "Migrate Plugin" and "Reset Assigned Meta Values" tools.
[2021-07-16 14:47:47] ERROR [Database:289] Table 'uza.wp_glsr_ratings' doesn't exist
[2021-07-16 14:47:47] ERROR [Database:289] Table 'uza.wp_glsr_assigned_posts' doesn't exist
[2021-07-16 15:19:41] ERROR [Database:289] Table 'uza.wp_glsr_ratings' doesn't exist
[2021-07-16 17:05:48] ERROR [Database:289] Table 'uza.wp_glsr_ratings' doesn't exist
[2021-07-16 17:05:53] ERROR [Database:289] Table 'uza.wp_glsr_ratings' doesn't exist
[2021-07-16 17:05:53] ERROR [Controllers\ReviewController:214] To fix your reviews, please try running the "Migrate Plugin" and "Reset Assigned Meta Values" tools.
[2021-07-16 17:05:53] ERROR [Database:289] Table 'uza.wp_glsr_ratings' doesn't exist
[2021-07-16 17:05:53] ERROR [Database:289] Table 'uza.wp_glsr_assigned_posts' doesn't exist
[2021-07-16 17:06:17] ERROR [Database:289] Table 'uza.wp_glsr_ratings' doesn't exist
[2021-07-16 17:06:20] ERROR [Database:289] Table 'uza.wp_glsr_ratings' doesn't exist
[2021-07-16 17:06:20] ERROR [Controllers\ReviewController:214] To fix your reviews, please try running the "Migrate Plugin" and "Reset Assigned Meta Values" tools.
[2021-07-16 17:06:20] ERROR [Database:289] Table 'uza.wp_glsr_ratings' doesn't exist
[2021-07-16 17:06:20] ERROR [Database:289] Table 'uza.wp_glsr_assigned_posts' doesn't exist
[2021-07-16 17:09:00] ERROR [Database:289] Table 'uza.wp_glsr_ratings' doesn't exist
[2021-07-16 17:09:05] ERROR [Database:289] Table 'uza.wp_glsr_ratings' doesn't exist
[2021-07-16 17:09:05] ERROR [Controllers\ReviewController:214] To fix your reviews, please try running the "Migrate Plugin" and "Reset Assigned Meta Values" tools.
[2021-07-16 17:09:05] ERROR [Database:289] Table 'uza.wp_glsr_ratings' doesn't exist
[2021-07-16 17:09:05] ERROR [Database:289] Table 'uza.wp_glsr_assigned_posts' doesn't exist
[2021-07-16 17:09:09] ERROR [Database:289] Table 'uza.wp_glsr_ratings' doesn't exist
[2021-07-16 18:06:33] ERROR [Database:289] Table 'uza.wp_glsr_ratings' doesn't exist
[2021-07-16 18:06:37] ERROR [Database:289] Table 'uza.wp_glsr_ratings' doesn't exist
